2025-10-30 11:24:35,832 - __main__ - INFO - 베이스라인 자동 복구 시작: 100개 파일
2025-10-30 11:24:35,832 - __main__ - INFO - 입력 디렉토리: data_original
2025-10-30 11:24:35,832 - __main__ - INFO - 출력 디렉토리: data_repair_baseline
2025-10-30 11:24:35,832 - __main__ - INFO - [1/100] 처리 중: 19258ed075aa8e803221bd5865d57c00efe95f8bef222797a0eebdfff6c2ec32
2025-10-30 11:24:51,152 - __main__ - INFO - ✅ 성공 (15.32초): 19258ed075aa8e803221bd5865d57c00efe95f8bef222797a0eebdfff6c2ec32 -> 19258ed075aa8e803221bd5865d57c00efe95f8bef222797a0eebdfff6c2ec32_baseline_repaired.yml
2025-10-30 11:24:51,153 - __main__ - INFO - [2/100] 처리 중: 6a773a0afa8ae0733cfa99439fda052b8eae0e937096a39f3c13b9a1c0804428
2025-10-30 11:25:19,731 - __main__ - INFO - ✅ 성공 (28.58초): 6a773a0afa8ae0733cfa99439fda052b8eae0e937096a39f3c13b9a1c0804428 -> 6a773a0afa8ae0733cfa99439fda052b8eae0e937096a39f3c13b9a1c0804428_baseline_repaired.yml
2025-10-30 11:25:19,732 - __main__ - INFO - [3/100] 처리 중: a0e08fda76b7107570ffe6222be262eeac8ef4f2d9023dc2caef5cba9a20a775
2025-10-30 11:25:38,745 - __main__ - INFO - ✅ 성공 (19.01초): a0e08fda76b7107570ffe6222be262eeac8ef4f2d9023dc2caef5cba9a20a775 -> a0e08fda76b7107570ffe6222be262eeac8ef4f2d9023dc2caef5cba9a20a775_baseline_repaired.yml
2025-10-30 11:25:38,745 - __main__ - INFO - [4/100] 처리 중: 403e061e7d455aee0ef3748155dbfc98aed8796c74818d68e3ac0a6bd75a9df3
2025-10-30 11:27:18,024 - __main__ - INFO - 베이스라인 자동 복구 시작: 5개 파일
2025-10-30 11:27:18,025 - __main__ - INFO - 입력 디렉토리: data_original
2025-10-30 11:27:18,025 - __main__ - INFO - 출력 디렉토리: data_repair_baseline
2025-10-30 11:27:18,025 - __main__ - INFO - [1/5] 처리 중: 19258ed075aa8e803221bd5865d57c00efe95f8bef222797a0eebdfff6c2ec32
2025-10-30 11:27:35,748 - __main__ - INFO - ✅ 성공 (17.72초): 19258ed075aa8e803221bd5865d57c00efe95f8bef222797a0eebdfff6c2ec32 -> 19258ed075aa8e803221bd5865d57c00efe95f8bef222797a0eebdfff6c2ec32_baseline_repaired.yml
2025-10-30 11:27:35,748 - __main__ - INFO - [2/5] 처리 중: 6a773a0afa8ae0733cfa99439fda052b8eae0e937096a39f3c13b9a1c0804428
2025-10-30 11:28:10,823 - __main__ - INFO - ✅ 성공 (35.07초): 6a773a0afa8ae0733cfa99439fda052b8eae0e937096a39f3c13b9a1c0804428 -> 6a773a0afa8ae0733cfa99439fda052b8eae0e937096a39f3c13b9a1c0804428_baseline_repaired.yml
2025-10-30 11:28:10,824 - __main__ - INFO - [3/5] 처리 중: a0e08fda76b7107570ffe6222be262eeac8ef4f2d9023dc2caef5cba9a20a775
2025-10-30 11:28:21,767 - __main__ - INFO - ✅ 성공 (10.94초): a0e08fda76b7107570ffe6222be262eeac8ef4f2d9023dc2caef5cba9a20a775 -> a0e08fda76b7107570ffe6222be262eeac8ef4f2d9023dc2caef5cba9a20a775_baseline_repaired.yml
2025-10-30 11:28:21,768 - __main__ - INFO - [4/5] 처리 중: 403e061e7d455aee0ef3748155dbfc98aed8796c74818d68e3ac0a6bd75a9df3
2025-10-30 11:28:31,177 - __main__ - INFO - ✅ 성공 (9.41초): 403e061e7d455aee0ef3748155dbfc98aed8796c74818d68e3ac0a6bd75a9df3 -> 403e061e7d455aee0ef3748155dbfc98aed8796c74818d68e3ac0a6bd75a9df3_baseline_repaired.yml
2025-10-30 11:28:31,178 - __main__ - INFO - [5/5] 처리 중: ac606821bdac58d2ba7a3c72244842d4ab331a384d052362ec49014e9c8b6449
2025-10-30 11:29:10,618 - __main__ - INFO - ✅ 성공 (39.44초): ac606821bdac58d2ba7a3c72244842d4ab331a384d052362ec49014e9c8b6449 -> ac606821bdac58d2ba7a3c72244842d4ab331a384d052362ec49014e9c8b6449_baseline_repaired.yml
2025-10-30 11:29:10,618 - __main__ - INFO - ============================================================
2025-10-30 11:29:10,618 - __main__ - INFO - 베이스라인 자동 복구 완료!
2025-10-30 11:29:10,619 - __main__ - INFO - 총 처리 시간: 112.6초
2025-10-30 11:29:10,619 - __main__ - INFO - 총 파일: 5
2025-10-30 11:29:10,619 - __main__ - INFO - 성공: 5 (100.0%)
2025-10-30 11:29:10,619 - __main__ - INFO - 실패: 0
2025-10-30 11:29:10,619 - __main__ - INFO - 평균 처리 시간: 22.52초/파일
2025-10-30 11:29:10,619 - __main__ - INFO - 출력 파일 위치: data_repair_baseline
2025-10-30 11:29:10,619 - __main__ - INFO - ============================================================
2025-10-30 11:40:03,315 - __main__ - INFO - 베이스라인 자동 복구 시작: 100개 파일
2025-10-30 11:40:03,315 - __main__ - INFO - 입력 디렉토리: data_original
2025-10-30 11:40:03,315 - __main__ - INFO - 출력 디렉토리: data_repair_baseline
2025-10-30 11:40:03,315 - __main__ - INFO - [1/100] 처리 중: 19258ed075aa8e803221bd5865d57c00efe95f8bef222797a0eebdfff6c2ec32
2025-10-30 11:40:20,067 - __main__ - INFO - ✅ 성공 (16.75초): 19258ed075aa8e803221bd5865d57c00efe95f8bef222797a0eebdfff6c2ec32 -> 19258ed075aa8e803221bd5865d57c00efe95f8bef222797a0eebdfff6c2ec32_baseline_repaired.yml
2025-10-30 11:40:20,067 - __main__ - INFO - [2/100] 처리 중: 6a773a0afa8ae0733cfa99439fda052b8eae0e937096a39f3c13b9a1c0804428
2025-10-30 11:40:48,275 - __main__ - INFO - ✅ 성공 (28.21초): 6a773a0afa8ae0733cfa99439fda052b8eae0e937096a39f3c13b9a1c0804428 -> 6a773a0afa8ae0733cfa99439fda052b8eae0e937096a39f3c13b9a1c0804428_baseline_repaired.yml
2025-10-30 11:40:48,276 - __main__ - INFO - [3/100] 처리 중: a0e08fda76b7107570ffe6222be262eeac8ef4f2d9023dc2caef5cba9a20a775
2025-10-30 11:41:01,667 - __main__ - INFO - ✅ 성공 (13.39초): a0e08fda76b7107570ffe6222be262eeac8ef4f2d9023dc2caef5cba9a20a775 -> a0e08fda76b7107570ffe6222be262eeac8ef4f2d9023dc2caef5cba9a20a775_baseline_repaired.yml
2025-10-30 11:41:01,667 - __main__ - INFO - [4/100] 처리 중: 403e061e7d455aee0ef3748155dbfc98aed8796c74818d68e3ac0a6bd75a9df3
2025-10-30 11:41:11,193 - __main__ - INFO - ✅ 성공 (9.53초): 403e061e7d455aee0ef3748155dbfc98aed8796c74818d68e3ac0a6bd75a9df3 -> 403e061e7d455aee0ef3748155dbfc98aed8796c74818d68e3ac0a6bd75a9df3_baseline_repaired.yml
2025-10-30 11:41:11,193 - __main__ - INFO - [5/100] 처리 중: ac606821bdac58d2ba7a3c72244842d4ab331a384d052362ec49014e9c8b6449
2025-10-30 11:41:53,396 - __main__ - INFO - ✅ 성공 (42.20초): ac606821bdac58d2ba7a3c72244842d4ab331a384d052362ec49014e9c8b6449 -> ac606821bdac58d2ba7a3c72244842d4ab331a384d052362ec49014e9c8b6449_baseline_repaired.yml
2025-10-30 11:41:53,397 - __main__ - INFO - [6/100] 처리 중: cd472e0a7564ad53d9395a1d3a352e55eb6a73e196f38dc04cff0451c8cf4a7b
2025-10-30 11:42:06,588 - __main__ - INFO - ✅ 성공 (13.19초): cd472e0a7564ad53d9395a1d3a352e55eb6a73e196f38dc04cff0451c8cf4a7b -> cd472e0a7564ad53d9395a1d3a352e55eb6a73e196f38dc04cff0451c8cf4a7b_baseline_repaired.yml
2025-10-30 11:42:06,589 - __main__ - INFO - [7/100] 처리 중: 6c2fdfc89dfe077900843eb80d51ed375995c10fba42543808e8ddffb0d2a9f0
2025-10-30 11:42:19,382 - __main__ - INFO - ✅ 성공 (12.79초): 6c2fdfc89dfe077900843eb80d51ed375995c10fba42543808e8ddffb0d2a9f0 -> 6c2fdfc89dfe077900843eb80d51ed375995c10fba42543808e8ddffb0d2a9f0_baseline_repaired.yml
2025-10-30 11:42:19,382 - __main__ - INFO - [8/100] 처리 중: 0b1c7e99bae99fed58b94401158300d16832ab782f0925e7f9534f4a7158132b
2025-10-30 11:42:52,474 - __main__ - INFO - ✅ 성공 (33.09초): 0b1c7e99bae99fed58b94401158300d16832ab782f0925e7f9534f4a7158132b -> 0b1c7e99bae99fed58b94401158300d16832ab782f0925e7f9534f4a7158132b_baseline_repaired.yml
2025-10-30 11:42:52,475 - __main__ - INFO - [9/100] 처리 중: fb3083353b627c7babea8d2739d64447fcf7e562f6d2ad904992ba6571183f59
2025-10-30 11:43:27,386 - __main__ - INFO - ✅ 성공 (34.91초): fb3083353b627c7babea8d2739d64447fcf7e562f6d2ad904992ba6571183f59 -> fb3083353b627c7babea8d2739d64447fcf7e562f6d2ad904992ba6571183f59_baseline_repaired.yml
2025-10-30 11:43:27,387 - __main__ - INFO - [10/100] 처리 중: c75806d58ce198f4c7c8b5bea00db864ec064876fc400c2a561a4033a74b1b38
2025-10-30 11:43:46,736 - __main__ - INFO - ✅ 성공 (19.35초): c75806d58ce198f4c7c8b5bea00db864ec064876fc400c2a561a4033a74b1b38 -> c75806d58ce198f4c7c8b5bea00db864ec064876fc400c2a561a4033a74b1b38_baseline_repaired.yml
2025-10-30 11:43:46,736 - __main__ - INFO - [11/100] 처리 중: b5f97528f61182f39d53fa5eb5fa7c30ea8d4997047c49909fad3270f7f32071
2025-10-30 11:44:19,713 - __main__ - INFO - ✅ 성공 (32.98초): b5f97528f61182f39d53fa5eb5fa7c30ea8d4997047c49909fad3270f7f32071 -> b5f97528f61182f39d53fa5eb5fa7c30ea8d4997047c49909fad3270f7f32071_baseline_repaired.yml
2025-10-30 11:44:19,713 - __main__ - INFO - [12/100] 처리 중: 12bc3aaaf6a500edc9d5086c088dc050d1c60777879910668e066b3fb0862d11
2025-10-30 11:44:28,812 - __main__ - INFO - ✅ 성공 (9.10초): 12bc3aaaf6a500edc9d5086c088dc050d1c60777879910668e066b3fb0862d11 -> 12bc3aaaf6a500edc9d5086c088dc050d1c60777879910668e066b3fb0862d11_baseline_repaired.yml
2025-10-30 11:44:28,813 - __main__ - INFO - [13/100] 처리 중: 6a8345ef99da64d41fe33ac6c7ace04dc774154abce0ad41ad1fc75eac46b9e0
2025-10-30 11:45:22,219 - __main__ - INFO - ✅ 성공 (53.41초): 6a8345ef99da64d41fe33ac6c7ace04dc774154abce0ad41ad1fc75eac46b9e0 -> 6a8345ef99da64d41fe33ac6c7ace04dc774154abce0ad41ad1fc75eac46b9e0_baseline_repaired.yml
2025-10-30 11:45:22,220 - __main__ - INFO - [14/100] 처리 중: 6577c314974254177b414e27d469c3a4c0251686ae719a717a2da2beb89712ea
2025-10-30 11:45:31,178 - __main__ - INFO - ✅ 성공 (8.96초): 6577c314974254177b414e27d469c3a4c0251686ae719a717a2da2beb89712ea -> 6577c314974254177b414e27d469c3a4c0251686ae719a717a2da2beb89712ea_baseline_repaired.yml
2025-10-30 11:45:31,178 - __main__ - INFO - [15/100] 처리 중: 86052f9e728f41949481d5993d9da38465b14d7d76d574c2cc1f76fdf4b56f0e
2025-10-30 11:46:06,005 - __main__ - INFO - ✅ 성공 (34.83초): 86052f9e728f41949481d5993d9da38465b14d7d76d574c2cc1f76fdf4b56f0e -> 86052f9e728f41949481d5993d9da38465b14d7d76d574c2cc1f76fdf4b56f0e_baseline_repaired.yml
2025-10-30 11:46:06,005 - __main__ - INFO - [16/100] 처리 중: c1c0e4be03d4ce342a92742185c22f0b2ecc3d22833b2b14794c60ead997d10c
2025-10-30 11:46:17,458 - __main__ - INFO - ✅ 성공 (11.45초): c1c0e4be03d4ce342a92742185c22f0b2ecc3d22833b2b14794c60ead997d10c -> c1c0e4be03d4ce342a92742185c22f0b2ecc3d22833b2b14794c60ead997d10c_baseline_repaired.yml
2025-10-30 11:46:17,459 - __main__ - INFO - [17/100] 처리 중: 0857cc208371bbefbc2e4220bf7f6aac647c4c6b74a45c34011d31683ded243d
2025-10-30 11:46:25,647 - __main__ - INFO - ✅ 성공 (8.19초): 0857cc208371bbefbc2e4220bf7f6aac647c4c6b74a45c34011d31683ded243d -> 0857cc208371bbefbc2e4220bf7f6aac647c4c6b74a45c34011d31683ded243d_baseline_repaired.yml
2025-10-30 11:46:25,647 - __main__ - INFO - [18/100] 처리 중: 04c3b5460edf81823ebd7d932ed2ded3dfe3ec017bfc5b0e2eb08aa0a89986bf
2025-10-30 11:57:34,971 - __main__ - INFO - ✅ 성공 (669.32초): 04c3b5460edf81823ebd7d932ed2ded3dfe3ec017bfc5b0e2eb08aa0a89986bf -> 04c3b5460edf81823ebd7d932ed2ded3dfe3ec017bfc5b0e2eb08aa0a89986bf_baseline_repaired.yml
2025-10-30 11:57:34,972 - __main__ - INFO - [19/100] 처리 중: 7a3696ef9f9da7c550829e65672f6109314cd961fab4c356b82ca02039697319
2025-10-30 11:57:47,635 - __main__ - INFO - ✅ 성공 (12.66초): 7a3696ef9f9da7c550829e65672f6109314cd961fab4c356b82ca02039697319 -> 7a3696ef9f9da7c550829e65672f6109314cd961fab4c356b82ca02039697319_baseline_repaired.yml
2025-10-30 11:57:47,635 - __main__ - INFO - [20/100] 처리 중: 650df84b099666e3bc0d059f3a2492c42f2418652f3ff74a99766d7a045d3d4a
2025-10-30 11:57:56,314 - __main__ - INFO - ✅ 성공 (8.68초): 650df84b099666e3bc0d059f3a2492c42f2418652f3ff74a99766d7a045d3d4a -> 650df84b099666e3bc0d059f3a2492c42f2418652f3ff74a99766d7a045d3d4a_baseline_repaired.yml
2025-10-30 11:57:56,314 - __main__ - INFO - [21/100] 처리 중: 2a3390951b4141affd15e532f4025c780f9205e852e4b0b2b49dc8813009b23e
2025-10-30 11:58:06,468 - __main__ - INFO - ✅ 성공 (10.15초): 2a3390951b4141affd15e532f4025c780f9205e852e4b0b2b49dc8813009b23e -> 2a3390951b4141affd15e532f4025c780f9205e852e4b0b2b49dc8813009b23e_baseline_repaired.yml
2025-10-30 11:58:06,468 - __main__ - INFO - [22/100] 처리 중: cf4ef4b007f79bfcdd9e26573047ba9ca56ceb220825f7f493688d5157182ea6
2025-10-30 11:58:17,366 - __main__ - INFO - ✅ 성공 (10.90초): cf4ef4b007f79bfcdd9e26573047ba9ca56ceb220825f7f493688d5157182ea6 -> cf4ef4b007f79bfcdd9e26573047ba9ca56ceb220825f7f493688d5157182ea6_baseline_repaired.yml
2025-10-30 11:58:17,366 - __main__ - INFO - [23/100] 처리 중: e26f0a9f370f0c0a194eebdec1be57ead739237adc08fc60b71c5566627623f6
2025-10-30 11:58:26,946 - __main__ - INFO - ✅ 성공 (9.58초): e26f0a9f370f0c0a194eebdec1be57ead739237adc08fc60b71c5566627623f6 -> e26f0a9f370f0c0a194eebdec1be57ead739237adc08fc60b71c5566627623f6_baseline_repaired.yml
2025-10-30 11:58:26,946 - __main__ - INFO - [24/100] 처리 중: f6274d56fb76746ec9fed9856b13313180da3e4bf88158586aba0cf9b4dedb6e
2025-10-30 11:58:33,920 - __main__ - INFO - ✅ 성공 (6.97초): f6274d56fb76746ec9fed9856b13313180da3e4bf88158586aba0cf9b4dedb6e -> f6274d56fb76746ec9fed9856b13313180da3e4bf88158586aba0cf9b4dedb6e_baseline_repaired.yml
2025-10-30 11:58:33,921 - __main__ - INFO - [25/100] 처리 중: 28d3d930b9ebc5fe7acbcaa9e1257b150d4ab485c2a0afb48e61511ac36f3d21
2025-10-30 11:58:42,304 - __main__ - INFO - ✅ 성공 (8.38초): 28d3d930b9ebc5fe7acbcaa9e1257b150d4ab485c2a0afb48e61511ac36f3d21 -> 28d3d930b9ebc5fe7acbcaa9e1257b150d4ab485c2a0afb48e61511ac36f3d21_baseline_repaired.yml
2025-10-30 11:58:42,304 - __main__ - INFO - [26/100] 처리 중: a124def77a2cd5e0d503639071b5896ed50e97a4df3f31e3b3724274555bbc60
2025-10-30 11:58:48,857 - __main__ - INFO - ✅ 성공 (6.55초): a124def77a2cd5e0d503639071b5896ed50e97a4df3f31e3b3724274555bbc60 -> a124def77a2cd5e0d503639071b5896ed50e97a4df3f31e3b3724274555bbc60_baseline_repaired.yml
2025-10-30 11:58:48,857 - __main__ - INFO - [27/100] 처리 중: 1d128012d813f4c17507788c181106fee15d6590f438d998e726f3ed606d07f4
2025-10-30 11:58:59,617 - __main__ - INFO - ✅ 성공 (10.76초): 1d128012d813f4c17507788c181106fee15d6590f438d998e726f3ed606d07f4 -> 1d128012d813f4c17507788c181106fee15d6590f438d998e726f3ed606d07f4_baseline_repaired.yml
2025-10-30 11:58:59,617 - __main__ - INFO - [28/100] 처리 중: 312964b76b6d0222be3e5d8e9c9a9f2cdfb7680ab1a0228160efad2d0a8979b3
2025-10-30 11:59:09,137 - __main__ - INFO - ✅ 성공 (9.52초): 312964b76b6d0222be3e5d8e9c9a9f2cdfb7680ab1a0228160efad2d0a8979b3 -> 312964b76b6d0222be3e5d8e9c9a9f2cdfb7680ab1a0228160efad2d0a8979b3_baseline_repaired.yml
2025-10-30 11:59:09,137 - __main__ - INFO - [29/100] 처리 중: fd1ec4bf106a21416035edfab44fd185c7fa253a8d8c102af6dc7e9079bbbeb1
2025-10-30 11:59:18,038 - __main__ - INFO - ✅ 성공 (8.90초): fd1ec4bf106a21416035edfab44fd185c7fa253a8d8c102af6dc7e9079bbbeb1 -> fd1ec4bf106a21416035edfab44fd185c7fa253a8d8c102af6dc7e9079bbbeb1_baseline_repaired.yml
2025-10-30 11:59:18,038 - __main__ - INFO - [30/100] 처리 중: 559bef9be7983db753626eb1054ac097d11d061a858b1b94ace648b158a0fb3c
2025-10-30 11:59:24,488 - __main__ - INFO - ✅ 성공 (6.45초): 559bef9be7983db753626eb1054ac097d11d061a858b1b94ace648b158a0fb3c -> 559bef9be7983db753626eb1054ac097d11d061a858b1b94ace648b158a0fb3c_baseline_repaired.yml
2025-10-30 11:59:24,488 - __main__ - INFO - [31/100] 처리 중: 3d96b665e5004e70d28c5b76455cb8b289a6e93cd1a187db24353296c44b72ed
2025-10-30 11:59:52,580 - __main__ - INFO - ✅ 성공 (28.09초): 3d96b665e5004e70d28c5b76455cb8b289a6e93cd1a187db24353296c44b72ed -> 3d96b665e5004e70d28c5b76455cb8b289a6e93cd1a187db24353296c44b72ed_baseline_repaired.yml
2025-10-30 11:59:52,580 - __main__ - INFO - [32/100] 처리 중: f78d03790f73ef888d1fdb4fd34cccb65abd258eb70136634492ccbbe18c0a7a
2025-10-30 12:00:23,592 - __main__ - INFO - ✅ 성공 (31.01초): f78d03790f73ef888d1fdb4fd34cccb65abd258eb70136634492ccbbe18c0a7a -> f78d03790f73ef888d1fdb4fd34cccb65abd258eb70136634492ccbbe18c0a7a_baseline_repaired.yml
2025-10-30 12:00:23,592 - __main__ - INFO - [33/100] 처리 중: 9bc9056e536e6a96b67d8f92af3b08da33069ee1830310c85075b0e0afc4d6ca
2025-10-30 12:00:29,104 - __main__ - INFO - ✅ 성공 (5.51초): 9bc9056e536e6a96b67d8f92af3b08da33069ee1830310c85075b0e0afc4d6ca -> 9bc9056e536e6a96b67d8f92af3b08da33069ee1830310c85075b0e0afc4d6ca_baseline_repaired.yml
2025-10-30 12:00:29,104 - __main__ - INFO - [34/100] 처리 중: d409830f98d1f96f527654390ce9be4fb2ef8a13af9f4e50b42f2e6e27e613e2
2025-10-30 12:00:42,425 - __main__ - INFO - ✅ 성공 (13.32초): d409830f98d1f96f527654390ce9be4fb2ef8a13af9f4e50b42f2e6e27e613e2 -> d409830f98d1f96f527654390ce9be4fb2ef8a13af9f4e50b42f2e6e27e613e2_baseline_repaired.yml
2025-10-30 12:00:42,426 - __main__ - INFO - [35/100] 처리 중: 8e1f6d3597a1528a46d639a7731c41dfd8acd955654b0b45568d9d543ebbdade
2025-10-30 12:01:02,901 - __main__ - INFO - ✅ 성공 (20.47초): 8e1f6d3597a1528a46d639a7731c41dfd8acd955654b0b45568d9d543ebbdade -> 8e1f6d3597a1528a46d639a7731c41dfd8acd955654b0b45568d9d543ebbdade_baseline_repaired.yml
2025-10-30 12:01:02,901 - __main__ - INFO - [36/100] 처리 중: 8dfefd52bd9f80757355b579f7f940433ca03f18e45b454d35b08295dfe0fd04
2025-10-30 12:01:19,309 - __main__ - INFO - ✅ 성공 (16.41초): 8dfefd52bd9f80757355b579f7f940433ca03f18e45b454d35b08295dfe0fd04 -> 8dfefd52bd9f80757355b579f7f940433ca03f18e45b454d35b08295dfe0fd04_baseline_repaired.yml
2025-10-30 12:01:19,309 - __main__ - INFO - [37/100] 처리 중: 73456546d85843fd8ccbba88532ebe0f4f444d696d5fd126bb4601c24b1d56ce
2025-10-30 12:02:12,155 - __main__ - INFO - ✅ 성공 (52.85초): 73456546d85843fd8ccbba88532ebe0f4f444d696d5fd126bb4601c24b1d56ce -> 73456546d85843fd8ccbba88532ebe0f4f444d696d5fd126bb4601c24b1d56ce_baseline_repaired.yml
2025-10-30 12:02:12,155 - __main__ - INFO - [38/100] 처리 중: 25298d8c75b1ec06f7857a90e23cbefb1bf92bb7e32ab753c88dd2cd9ee42cc5
2025-10-30 12:02:35,168 - __main__ - INFO - ✅ 성공 (23.01초): 25298d8c75b1ec06f7857a90e23cbefb1bf92bb7e32ab753c88dd2cd9ee42cc5 -> 25298d8c75b1ec06f7857a90e23cbefb1bf92bb7e32ab753c88dd2cd9ee42cc5_baseline_repaired.yml
2025-10-30 12:02:35,169 - __main__ - INFO - [39/100] 처리 중: 10aaf8a4de3f00b49f51bc3d3b6ac3aeb21c40af2ad924f7cb979872f2390c8b
2025-10-30 12:05:34,190 - __main__ - INFO - ✅ 성공 (179.02초): 10aaf8a4de3f00b49f51bc3d3b6ac3aeb21c40af2ad924f7cb979872f2390c8b -> 10aaf8a4de3f00b49f51bc3d3b6ac3aeb21c40af2ad924f7cb979872f2390c8b_baseline_repaired.yml
2025-10-30 12:05:34,190 - __main__ - INFO - [40/100] 처리 중: 3b0f4d26d3c262ab4ceb80fe3b383abd64fc981e08206b7ea81978d3d489443f
2025-10-30 12:05:46,228 - __main__ - INFO - ✅ 성공 (12.04초): 3b0f4d26d3c262ab4ceb80fe3b383abd64fc981e08206b7ea81978d3d489443f -> 3b0f4d26d3c262ab4ceb80fe3b383abd64fc981e08206b7ea81978d3d489443f_baseline_repaired.yml
2025-10-30 12:05:46,228 - __main__ - INFO - [41/100] 처리 중: b3d9c061128a7cc41dd723ebf0f64183a8a8bb9974685f4a1a8ae9df8e3b1dc4
2025-10-30 12:06:28,238 - __main__ - INFO - ✅ 성공 (42.01초): b3d9c061128a7cc41dd723ebf0f64183a8a8bb9974685f4a1a8ae9df8e3b1dc4 -> b3d9c061128a7cc41dd723ebf0f64183a8a8bb9974685f4a1a8ae9df8e3b1dc4_baseline_repaired.yml
2025-10-30 12:06:28,239 - __main__ - INFO - [42/100] 처리 중: f9d87cc0f84699ac9f757b92171c78660575a8ac9c5d21c1a814746844c3ecab
2025-10-30 12:06:43,172 - __main__ - INFO - ✅ 성공 (14.93초): f9d87cc0f84699ac9f757b92171c78660575a8ac9c5d21c1a814746844c3ecab -> f9d87cc0f84699ac9f757b92171c78660575a8ac9c5d21c1a814746844c3ecab_baseline_repaired.yml
2025-10-30 12:06:43,172 - __main__ - INFO - [43/100] 처리 중: 4247c12c6c5616647a866bb7b76cfbd6c08fc4eb52d9441f7430e93ad81b7566
2025-10-30 12:06:56,757 - __main__ - ERROR - ❌ 실패 (13.58초): 4247c12c6c5616647a866bb7b76cfbd6c08fc4eb52d9441f7430e93ad81b7566
2025-10-30 12:06:56,758 - __main__ - INFO - [44/100] 처리 중: 976bd50e7346f4a5df96b0b8c0354ebe760388bc927d04dfe51f49d323e154a5
2025-10-30 12:07:21,167 - __main__ - ERROR - ❌ 실패 (24.41초): 976bd50e7346f4a5df96b0b8c0354ebe760388bc927d04dfe51f49d323e154a5
2025-10-30 12:07:21,167 - __main__ - INFO - [45/100] 처리 중: 0f6d276552ad82963e57e83280cc9eb88ebd4eb654d9b14809fed16ac95213b1
2025-10-30 12:07:35,678 - __main__ - INFO - ✅ 성공 (14.51초): 0f6d276552ad82963e57e83280cc9eb88ebd4eb654d9b14809fed16ac95213b1 -> 0f6d276552ad82963e57e83280cc9eb88ebd4eb654d9b14809fed16ac95213b1_baseline_repaired.yml
2025-10-30 12:07:35,678 - __main__ - INFO - [46/100] 처리 중: e413f663053377e00614f72f1bc34979d48f84e925fbc0bb453c196612f281dc
2025-10-30 12:07:42,959 - __main__ - INFO - ✅ 성공 (7.28초): e413f663053377e00614f72f1bc34979d48f84e925fbc0bb453c196612f281dc -> e413f663053377e00614f72f1bc34979d48f84e925fbc0bb453c196612f281dc_baseline_repaired.yml
2025-10-30 12:07:42,959 - __main__ - INFO - [47/100] 처리 중: 29bf497aa30bf874788443bc1d3a3006d2ecd4c01bc82f4d9b0305ad205923c8
2025-10-30 12:07:53,107 - __main__ - INFO - ✅ 성공 (10.15초): 29bf497aa30bf874788443bc1d3a3006d2ecd4c01bc82f4d9b0305ad205923c8 -> 29bf497aa30bf874788443bc1d3a3006d2ecd4c01bc82f4d9b0305ad205923c8_baseline_repaired.yml
2025-10-30 12:07:53,107 - __main__ - INFO - [48/100] 처리 중: 95c07077993c5fd733f1203e19b50b00be42e94cdd5ba548f7364154c4fa472f
2025-10-30 12:08:09,782 - __main__ - INFO - ✅ 성공 (16.68초): 95c07077993c5fd733f1203e19b50b00be42e94cdd5ba548f7364154c4fa472f -> 95c07077993c5fd733f1203e19b50b00be42e94cdd5ba548f7364154c4fa472f_baseline_repaired.yml
2025-10-30 12:08:09,782 - __main__ - INFO - [49/100] 처리 중: e41b62a551af6cb18015456463bc047af12251d324dac5e65729b0c02772b094
2025-10-30 12:08:25,036 - __main__ - INFO - ✅ 성공 (15.25초): e41b62a551af6cb18015456463bc047af12251d324dac5e65729b0c02772b094 -> e41b62a551af6cb18015456463bc047af12251d324dac5e65729b0c02772b094_baseline_repaired.yml
2025-10-30 12:08:25,037 - __main__ - INFO - [50/100] 처리 중: 01a4c66498480a201e67a8e18ea4bab86b04d9fad745a5ff405dec5417221b93
2025-10-30 12:08:57,809 - __main__ - INFO - ✅ 성공 (32.77초): 01a4c66498480a201e67a8e18ea4bab86b04d9fad745a5ff405dec5417221b93 -> 01a4c66498480a201e67a8e18ea4bab86b04d9fad745a5ff405dec5417221b93_baseline_repaired.yml
2025-10-30 12:08:57,810 - __main__ - INFO - [51/100] 처리 중: 99c0a2a90a545e08f5a474c5576573434655beefa14db0d905708128a7303e31
2025-10-30 12:09:44,457 - __main__ - ERROR - ❌ 실패 (46.65초): 99c0a2a90a545e08f5a474c5576573434655beefa14db0d905708128a7303e31
2025-10-30 12:09:44,457 - __main__ - INFO - [52/100] 처리 중: 66c2143cc5888430cbdf881d62217221f8e40cfa5aa3bc131f96ff88af84d5f5
2025-10-30 12:09:54,740 - __main__ - INFO - ✅ 성공 (10.28초): 66c2143cc5888430cbdf881d62217221f8e40cfa5aa3bc131f96ff88af84d5f5 -> 66c2143cc5888430cbdf881d62217221f8e40cfa5aa3bc131f96ff88af84d5f5_baseline_repaired.yml
2025-10-30 12:09:54,740 - __main__ - INFO - [53/100] 처리 중: d1cedac9aca8987e53482c3b60a64fa6785f0306dfcbcae279f6dda6fe7f715c
2025-10-30 12:10:06,319 - __main__ - INFO - ✅ 성공 (11.58초): d1cedac9aca8987e53482c3b60a64fa6785f0306dfcbcae279f6dda6fe7f715c -> d1cedac9aca8987e53482c3b60a64fa6785f0306dfcbcae279f6dda6fe7f715c_baseline_repaired.yml
2025-10-30 12:10:06,319 - __main__ - INFO - [54/100] 처리 중: af13e1b7be290b82d4dfc725984acf1448dca440de6bdb9c61d933bebf14b937
2025-10-30 12:10:16,754 - __main__ - INFO - ✅ 성공 (10.43초): af13e1b7be290b82d4dfc725984acf1448dca440de6bdb9c61d933bebf14b937 -> af13e1b7be290b82d4dfc725984acf1448dca440de6bdb9c61d933bebf14b937_baseline_repaired.yml
2025-10-30 12:10:16,754 - __main__ - INFO - [55/100] 처리 중: 592898bb812e32f57d8062d81dd6b9bd9c6c9b9218b741b0e2afb18a3256dfd6
2025-10-30 12:10:30,684 - __main__ - INFO - ✅ 성공 (13.93초): 592898bb812e32f57d8062d81dd6b9bd9c6c9b9218b741b0e2afb18a3256dfd6 -> 592898bb812e32f57d8062d81dd6b9bd9c6c9b9218b741b0e2afb18a3256dfd6_baseline_repaired.yml
2025-10-30 12:10:30,684 - __main__ - INFO - [56/100] 처리 중: 9a9253152768f1b6acca5da7d94141212c3d1a2461c16b301739e2ce7c4f6a4f
2025-10-30 12:10:48,194 - __main__ - INFO - ✅ 성공 (17.51초): 9a9253152768f1b6acca5da7d94141212c3d1a2461c16b301739e2ce7c4f6a4f -> 9a9253152768f1b6acca5da7d94141212c3d1a2461c16b301739e2ce7c4f6a4f_baseline_repaired.yml
2025-10-30 12:10:48,195 - __main__ - INFO - [57/100] 처리 중: 1cbd95ab4fe02b538c7b196843e1e8e2b743155f492245768fea3b79590f1444
2025-10-30 12:11:29,880 - __main__ - INFO - ✅ 성공 (41.68초): 1cbd95ab4fe02b538c7b196843e1e8e2b743155f492245768fea3b79590f1444 -> 1cbd95ab4fe02b538c7b196843e1e8e2b743155f492245768fea3b79590f1444_baseline_repaired.yml
2025-10-30 12:11:29,881 - __main__ - INFO - [58/100] 처리 중: 9627b8e6eed8da545073e7f5d57ec2098d6564dcb5f10f55cd476c1d04619f40
2025-10-30 12:11:49,584 - __main__ - INFO - ✅ 성공 (19.70초): 9627b8e6eed8da545073e7f5d57ec2098d6564dcb5f10f55cd476c1d04619f40 -> 9627b8e6eed8da545073e7f5d57ec2098d6564dcb5f10f55cd476c1d04619f40_baseline_repaired.yml
2025-10-30 12:11:49,584 - __main__ - INFO - [59/100] 처리 중: d1a6bfe3a463366d95aca475e72ba21b8ec2c909dadc9fb318a8ec0fa41999cb
2025-10-30 12:11:55,946 - __main__ - INFO - ✅ 성공 (6.36초): d1a6bfe3a463366d95aca475e72ba21b8ec2c909dadc9fb318a8ec0fa41999cb -> d1a6bfe3a463366d95aca475e72ba21b8ec2c909dadc9fb318a8ec0fa41999cb_baseline_repaired.yml
2025-10-30 12:11:55,947 - __main__ - INFO - [60/100] 처리 중: 6839a86ccedd509bc8fc377d807994fce4dc678ab3b1f2e27fb526f2d3ac6677
2025-10-30 12:12:14,826 - __main__ - INFO - ✅ 성공 (18.88초): 6839a86ccedd509bc8fc377d807994fce4dc678ab3b1f2e27fb526f2d3ac6677 -> 6839a86ccedd509bc8fc377d807994fce4dc678ab3b1f2e27fb526f2d3ac6677_baseline_repaired.yml
2025-10-30 12:12:14,827 - __main__ - INFO - [61/100] 처리 중: 7ccd3e4d4e0943fecaf6cbadb17126d53209e3c344ef217cf05858c0933fde1c
2025-10-30 12:13:05,449 - __main__ - INFO - ✅ 성공 (50.62초): 7ccd3e4d4e0943fecaf6cbadb17126d53209e3c344ef217cf05858c0933fde1c -> 7ccd3e4d4e0943fecaf6cbadb17126d53209e3c344ef217cf05858c0933fde1c_baseline_repaired.yml
2025-10-30 12:13:05,449 - __main__ - INFO - [62/100] 처리 중: 237625ec610710bfc796fc74793d673336749e99b80aeeb7555c8f8a65b82e6d
2025-10-30 12:13:29,895 - __main__ - INFO - ✅ 성공 (24.45초): 237625ec610710bfc796fc74793d673336749e99b80aeeb7555c8f8a65b82e6d -> 237625ec610710bfc796fc74793d673336749e99b80aeeb7555c8f8a65b82e6d_baseline_repaired.yml
2025-10-30 12:13:29,895 - __main__ - INFO - [63/100] 처리 중: e4c7632df0919056940b5bd48762978cea07d7cdb1939e5502973c8b8605b69a
2025-10-30 12:14:06,039 - __main__ - INFO - ✅ 성공 (36.14초): e4c7632df0919056940b5bd48762978cea07d7cdb1939e5502973c8b8605b69a -> e4c7632df0919056940b5bd48762978cea07d7cdb1939e5502973c8b8605b69a_baseline_repaired.yml
2025-10-30 12:14:06,040 - __main__ - INFO - [64/100] 처리 중: f8adfd22e84677e622dff6ef4045e23218ce2d8b9cc953d9e07f3eaf1295d857
2025-10-30 12:15:09,076 - __main__ - INFO - ✅ 성공 (63.04초): f8adfd22e84677e622dff6ef4045e23218ce2d8b9cc953d9e07f3eaf1295d857 -> f8adfd22e84677e622dff6ef4045e23218ce2d8b9cc953d9e07f3eaf1295d857_baseline_repaired.yml
2025-10-30 12:15:09,076 - __main__ - INFO - [65/100] 처리 중: a4505371e787904ae7f0962eb8ada84e5d703938780f7b8879d9823656dfd467
2025-10-30 12:15:17,085 - __main__ - ERROR - ❌ 실패 (8.01초): a4505371e787904ae7f0962eb8ada84e5d703938780f7b8879d9823656dfd467
2025-10-30 12:15:17,085 - __main__ - INFO - [66/100] 처리 중: 3a0d2b022ada8a95d378853cd75b3cce1f44328cd15ebc14342b485814560752
2025-10-30 12:15:27,227 - __main__ - INFO - ✅ 성공 (10.14초): 3a0d2b022ada8a95d378853cd75b3cce1f44328cd15ebc14342b485814560752 -> 3a0d2b022ada8a95d378853cd75b3cce1f44328cd15ebc14342b485814560752_baseline_repaired.yml
2025-10-30 12:15:27,227 - __main__ - INFO - [67/100] 처리 중: d97a8ddc770b29c2b11ce6731366ef281f2f8bf1157f8ead13583a23b839c079
2025-10-30 12:15:39,153 - __main__ - INFO - ✅ 성공 (11.93초): d97a8ddc770b29c2b11ce6731366ef281f2f8bf1157f8ead13583a23b839c079 -> d97a8ddc770b29c2b11ce6731366ef281f2f8bf1157f8ead13583a23b839c079_baseline_repaired.yml
2025-10-30 12:15:39,153 - __main__ - INFO - [68/100] 처리 중: ef9e4315ee04c206bb28ede6b87929a1f230be46aa2e70586d09af99e447047a
2025-10-30 12:15:54,652 - __main__ - INFO - ✅ 성공 (15.50초): ef9e4315ee04c206bb28ede6b87929a1f230be46aa2e70586d09af99e447047a -> ef9e4315ee04c206bb28ede6b87929a1f230be46aa2e70586d09af99e447047a_baseline_repaired.yml
2025-10-30 12:15:54,652 - __main__ - INFO - [69/100] 처리 중: 42149135cb0e7ef51212fc5c943cb1ac604761289d817d9867f799d0bd7c1e9e
2025-10-30 12:16:06,960 - __main__ - INFO - ✅ 성공 (12.31초): 42149135cb0e7ef51212fc5c943cb1ac604761289d817d9867f799d0bd7c1e9e -> 42149135cb0e7ef51212fc5c943cb1ac604761289d817d9867f799d0bd7c1e9e_baseline_repaired.yml
2025-10-30 12:16:06,961 - __main__ - INFO - [70/100] 처리 중: f88fe224327093d5b7bb6c9a59a05ad1d2a6134a5020a513c2c2d4e5662f64a1
2025-10-30 12:28:20,076 - __main__ - ERROR - ❌ 실패 (733.12초): f88fe224327093d5b7bb6c9a59a05ad1d2a6134a5020a513c2c2d4e5662f64a1
2025-10-30 12:28:20,077 - __main__ - INFO - [71/100] 처리 중: 29939243c88c65a1767521b7ec78d342874c7b28fbfab27d920cc7fd3e0bca8a
2025-10-30 12:28:30,269 - __main__ - INFO - ✅ 성공 (10.19초): 29939243c88c65a1767521b7ec78d342874c7b28fbfab27d920cc7fd3e0bca8a -> 29939243c88c65a1767521b7ec78d342874c7b28fbfab27d920cc7fd3e0bca8a_baseline_repaired.yml
2025-10-30 12:28:30,269 - __main__ - INFO - [72/100] 처리 중: e61b6d0c3cb744490941f74132cce54ea3f4ef8153a165ef293f9d1fb534ca52
2025-10-30 12:28:42,913 - __main__ - INFO - ✅ 성공 (12.64초): e61b6d0c3cb744490941f74132cce54ea3f4ef8153a165ef293f9d1fb534ca52 -> e61b6d0c3cb744490941f74132cce54ea3f4ef8153a165ef293f9d1fb534ca52_baseline_repaired.yml
2025-10-30 12:28:42,913 - __main__ - INFO - [73/100] 처리 중: 87767ca3df3a86284d0cb17b0eebcea4c021e41aaeddf405158c2fe717bf6805
2025-10-30 12:28:47,877 - __main__ - INFO - ✅ 성공 (4.96초): 87767ca3df3a86284d0cb17b0eebcea4c021e41aaeddf405158c2fe717bf6805 -> 87767ca3df3a86284d0cb17b0eebcea4c021e41aaeddf405158c2fe717bf6805_baseline_repaired.yml
2025-10-30 12:28:47,877 - __main__ - INFO - [74/100] 처리 중: eda4becd286010436a22854c03c251fe68585622868a4c32b2674bbe2fb3f520
2025-10-30 12:29:09,799 - __main__ - INFO - ✅ 성공 (21.92초): eda4becd286010436a22854c03c251fe68585622868a4c32b2674bbe2fb3f520 -> eda4becd286010436a22854c03c251fe68585622868a4c32b2674bbe2fb3f520_baseline_repaired.yml
2025-10-30 12:29:09,799 - __main__ - INFO - [75/100] 처리 중: da9343dc717d8a21646916aa8587d0565f2a0353ee6cb953b8bcc3fb639401ec
2025-10-30 12:29:15,115 - __main__ - INFO - ✅ 성공 (5.32초): da9343dc717d8a21646916aa8587d0565f2a0353ee6cb953b8bcc3fb639401ec -> da9343dc717d8a21646916aa8587d0565f2a0353ee6cb953b8bcc3fb639401ec_baseline_repaired.yml
2025-10-30 12:29:15,116 - __main__ - INFO - [76/100] 처리 중: 2d873da37a245df5143ec6db45e3396a1277276dee2e1cb9c34a27e950498266
2025-10-30 12:29:23,825 - __main__ - INFO - ✅ 성공 (8.71초): 2d873da37a245df5143ec6db45e3396a1277276dee2e1cb9c34a27e950498266 -> 2d873da37a245df5143ec6db45e3396a1277276dee2e1cb9c34a27e950498266_baseline_repaired.yml
2025-10-30 12:29:23,826 - __main__ - INFO - [77/100] 처리 중: 56add205bfb4be370d1631df45087d23946aa511f571918ef9f11ac4b3ed3a98
2025-10-30 12:29:43,211 - __main__ - INFO - ✅ 성공 (19.38초): 56add205bfb4be370d1631df45087d23946aa511f571918ef9f11ac4b3ed3a98 -> 56add205bfb4be370d1631df45087d23946aa511f571918ef9f11ac4b3ed3a98_baseline_repaired.yml
2025-10-30 12:29:43,211 - __main__ - INFO - [78/100] 처리 중: 01134889164d5b3ee1f2e294c189be5fda4e35834c0950116b8e8d90d59244a7
2025-10-30 12:30:09,603 - __main__ - ERROR - ❌ 실패 (26.39초): 01134889164d5b3ee1f2e294c189be5fda4e35834c0950116b8e8d90d59244a7
2025-10-30 12:30:09,603 - __main__ - INFO - [79/100] 처리 중: 93f763fb4a84d29e77a6bf72349a0534feaee1862658e1807423e8900d015dcb
2025-10-30 12:30:24,714 - __main__ - INFO - ✅ 성공 (15.11초): 93f763fb4a84d29e77a6bf72349a0534feaee1862658e1807423e8900d015dcb -> 93f763fb4a84d29e77a6bf72349a0534feaee1862658e1807423e8900d015dcb_baseline_repaired.yml
2025-10-30 12:30:24,714 - __main__ - INFO - [80/100] 처리 중: e8ca5641cfb5535be2f08365991b955e25a7dded4349656fd1ad5fd7a4c6baca
2025-10-30 12:30:36,838 - __main__ - INFO - ✅ 성공 (12.12초): e8ca5641cfb5535be2f08365991b955e25a7dded4349656fd1ad5fd7a4c6baca -> e8ca5641cfb5535be2f08365991b955e25a7dded4349656fd1ad5fd7a4c6baca_baseline_repaired.yml
2025-10-30 12:30:36,838 - __main__ - INFO - [81/100] 처리 중: 38f438f2ef3bdd00276522d566aaa2f6e2ea80d3068272a4755a279f7ad941b0
2025-10-30 12:31:04,179 - __main__ - INFO - ✅ 성공 (27.34초): 38f438f2ef3bdd00276522d566aaa2f6e2ea80d3068272a4755a279f7ad941b0 -> 38f438f2ef3bdd00276522d566aaa2f6e2ea80d3068272a4755a279f7ad941b0_baseline_repaired.yml
2025-10-30 12:31:04,180 - __main__ - INFO - [82/100] 처리 중: de338874aa91f31e5de03fe22e9886631bc14e3b1c61ed39ab22d5001d85849e
2025-10-30 12:31:51,543 - __main__ - INFO - ✅ 성공 (47.36초): de338874aa91f31e5de03fe22e9886631bc14e3b1c61ed39ab22d5001d85849e -> de338874aa91f31e5de03fe22e9886631bc14e3b1c61ed39ab22d5001d85849e_baseline_repaired.yml
2025-10-30 12:31:51,543 - __main__ - INFO - [83/100] 처리 중: 63297f310cc41bca4ad7568525a967974b44ebcb4dd37f8b6be29c3238a8171d
2025-10-30 12:32:19,870 - __main__ - INFO - ✅ 성공 (28.33초): 63297f310cc41bca4ad7568525a967974b44ebcb4dd37f8b6be29c3238a8171d -> 63297f310cc41bca4ad7568525a967974b44ebcb4dd37f8b6be29c3238a8171d_baseline_repaired.yml
2025-10-30 12:32:19,870 - __main__ - INFO - [84/100] 처리 중: 4c753eb1d5b7d1ec81d5e4b937fc038f5bab6e0e30a99b12ca152e074a19e312
2025-10-30 12:32:30,390 - __main__ - INFO - ✅ 성공 (10.52초): 4c753eb1d5b7d1ec81d5e4b937fc038f5bab6e0e30a99b12ca152e074a19e312 -> 4c753eb1d5b7d1ec81d5e4b937fc038f5bab6e0e30a99b12ca152e074a19e312_baseline_repaired.yml
2025-10-30 12:32:30,390 - __main__ - INFO - [85/100] 처리 중: 261f193d3d0410c6ee0bb3b90d0f66a5c537c47a41a6424df24e9051f8063135
2025-10-30 12:32:40,942 - __main__ - INFO - ✅ 성공 (10.55초): 261f193d3d0410c6ee0bb3b90d0f66a5c537c47a41a6424df24e9051f8063135 -> 261f193d3d0410c6ee0bb3b90d0f66a5c537c47a41a6424df24e9051f8063135_baseline_repaired.yml
2025-10-30 12:32:40,942 - __main__ - INFO - [86/100] 처리 중: 6bf48b84932314f95b73d8dd2b3464ec9ec0ad5283f95c1977933b5fdcfc50ba
2025-10-30 12:33:20,589 - __main__ - INFO - ✅ 성공 (39.65초): 6bf48b84932314f95b73d8dd2b3464ec9ec0ad5283f95c1977933b5fdcfc50ba -> 6bf48b84932314f95b73d8dd2b3464ec9ec0ad5283f95c1977933b5fdcfc50ba_baseline_repaired.yml
2025-10-30 12:33:20,590 - __main__ - INFO - [87/100] 처리 중: b4f9fdb1f79b813445a13bd1b733f51df6d13fb3cd5200699878d9257c9dda1e
2025-10-30 12:33:29,366 - __main__ - INFO - ✅ 성공 (8.78초): b4f9fdb1f79b813445a13bd1b733f51df6d13fb3cd5200699878d9257c9dda1e -> b4f9fdb1f79b813445a13bd1b733f51df6d13fb3cd5200699878d9257c9dda1e_baseline_repaired.yml
2025-10-30 12:33:29,367 - __main__ - INFO - [88/100] 처리 중: 978a6c83884cef6e7e466796662727a9d223c0b9a8ad605e4e0c99ab54204c7a
2025-10-30 12:33:45,562 - __main__ - INFO - ✅ 성공 (16.19초): 978a6c83884cef6e7e466796662727a9d223c0b9a8ad605e4e0c99ab54204c7a -> 978a6c83884cef6e7e466796662727a9d223c0b9a8ad605e4e0c99ab54204c7a_baseline_repaired.yml
2025-10-30 12:33:45,562 - __main__ - INFO - [89/100] 처리 중: ba3536671b0f0e3fac0a7994ebc43e286d6779df0f1c567bea518f83da2f45b5
2025-10-30 12:33:53,132 - __main__ - INFO - ✅ 성공 (7.57초): ba3536671b0f0e3fac0a7994ebc43e286d6779df0f1c567bea518f83da2f45b5 -> ba3536671b0f0e3fac0a7994ebc43e286d6779df0f1c567bea518f83da2f45b5_baseline_repaired.yml
2025-10-30 12:33:53,132 - __main__ - INFO - [90/100] 처리 중: 2eb901a8f6562dcfc1a9c48e775149177410dd0db3948ca1536e6282c06e0573
2025-10-30 12:34:24,890 - __main__ - INFO - ✅ 성공 (31.76초): 2eb901a8f6562dcfc1a9c48e775149177410dd0db3948ca1536e6282c06e0573 -> 2eb901a8f6562dcfc1a9c48e775149177410dd0db3948ca1536e6282c06e0573_baseline_repaired.yml
2025-10-30 12:34:24,891 - __main__ - INFO - [91/100] 처리 중: 059363e8942e34fd0e18ff2dae53ea2a85f90c97152eaa9b6f38a8c5fac42216
2025-10-30 12:34:38,591 - __main__ - INFO - ✅ 성공 (13.70초): 059363e8942e34fd0e18ff2dae53ea2a85f90c97152eaa9b6f38a8c5fac42216 -> 059363e8942e34fd0e18ff2dae53ea2a85f90c97152eaa9b6f38a8c5fac42216_baseline_repaired.yml
2025-10-30 12:34:38,591 - __main__ - INFO - [92/100] 처리 중: c3ba4c7fbc5a3dcdbd6d1d067441a7f5745524b48d52cc8d08475feb38dea36a
2025-10-30 12:34:52,630 - __main__ - INFO - ✅ 성공 (14.04초): c3ba4c7fbc5a3dcdbd6d1d067441a7f5745524b48d52cc8d08475feb38dea36a -> c3ba4c7fbc5a3dcdbd6d1d067441a7f5745524b48d52cc8d08475feb38dea36a_baseline_repaired.yml
2025-10-30 12:34:52,630 - __main__ - INFO - [93/100] 처리 중: c729bfb550300a7ac04c8dbf8ac3660f87132b11c8da948094bb5bbcfb20c7fc
2025-10-30 12:35:08,692 - __main__ - INFO - ✅ 성공 (16.06초): c729bfb550300a7ac04c8dbf8ac3660f87132b11c8da948094bb5bbcfb20c7fc -> c729bfb550300a7ac04c8dbf8ac3660f87132b11c8da948094bb5bbcfb20c7fc_baseline_repaired.yml
2025-10-30 12:35:08,693 - __main__ - INFO - [94/100] 처리 중: b060e5348656555b5cb0f91b38bbd13dbf55659bdf2a7812c623fda782024795
2025-10-30 12:35:35,142 - __main__ - INFO - ✅ 성공 (26.45초): b060e5348656555b5cb0f91b38bbd13dbf55659bdf2a7812c623fda782024795 -> b060e5348656555b5cb0f91b38bbd13dbf55659bdf2a7812c623fda782024795_baseline_repaired.yml
2025-10-30 12:35:35,142 - __main__ - INFO - [95/100] 처리 중: 5a7daa3627b603e0ddb3f87c3cf329d3d84f19cf0990d6dbeb4aebc3ef4e346d
2025-10-30 12:36:00,695 - __main__ - INFO - ✅ 성공 (25.55초): 5a7daa3627b603e0ddb3f87c3cf329d3d84f19cf0990d6dbeb4aebc3ef4e346d -> 5a7daa3627b603e0ddb3f87c3cf329d3d84f19cf0990d6dbeb4aebc3ef4e346d_baseline_repaired.yml
2025-10-30 12:36:00,695 - __main__ - INFO - [96/100] 처리 중: cc69608239b6a2f9fdf8a4486f0bd1b5d18ecfd451ec6d376cf3e3337a4808a8
2025-10-30 12:36:10,855 - __main__ - INFO - ✅ 성공 (10.16초): cc69608239b6a2f9fdf8a4486f0bd1b5d18ecfd451ec6d376cf3e3337a4808a8 -> cc69608239b6a2f9fdf8a4486f0bd1b5d18ecfd451ec6d376cf3e3337a4808a8_baseline_repaired.yml
2025-10-30 12:36:10,855 - __main__ - INFO - [97/100] 처리 중: ac73e56b5832a4873cb18b231809321eba3c4e479e4ea7300b6395de71dc5d98
2025-10-30 12:36:21,282 - __main__ - INFO - ✅ 성공 (10.43초): ac73e56b5832a4873cb18b231809321eba3c4e479e4ea7300b6395de71dc5d98 -> ac73e56b5832a4873cb18b231809321eba3c4e479e4ea7300b6395de71dc5d98_baseline_repaired.yml
2025-10-30 12:36:21,282 - __main__ - INFO - [98/100] 처리 중: 330b4df70ab4e8d75c63bf960b497a46ca74bf1717c365179a24649287aa71d8
2025-10-30 12:36:26,843 - __main__ - INFO - ✅ 성공 (5.56초): 330b4df70ab4e8d75c63bf960b497a46ca74bf1717c365179a24649287aa71d8 -> 330b4df70ab4e8d75c63bf960b497a46ca74bf1717c365179a24649287aa71d8_baseline_repaired.yml
2025-10-30 12:36:26,843 - __main__ - INFO - [99/100] 처리 중: 1aefc86068bf97c0cf9af77278cea9b2bceb4aabbe5db0dfbbd0ef2b598ac44c
2025-10-30 12:37:25,173 - __main__ - INFO - ✅ 성공 (58.33초): 1aefc86068bf97c0cf9af77278cea9b2bceb4aabbe5db0dfbbd0ef2b598ac44c -> 1aefc86068bf97c0cf9af77278cea9b2bceb4aabbe5db0dfbbd0ef2b598ac44c_baseline_repaired.yml
2025-10-30 12:37:25,174 - __main__ - INFO - [100/100] 처리 중: 9bd0752796d4ea61059d7f28e322bf8a6e214924a032dd29e2b4f7c6150f5438
2025-10-30 12:37:49,265 - __main__ - INFO - ✅ 성공 (24.09초): 9bd0752796d4ea61059d7f28e322bf8a6e214924a032dd29e2b4f7c6150f5438 -> 9bd0752796d4ea61059d7f28e322bf8a6e214924a032dd29e2b4f7c6150f5438_baseline_repaired.yml
2025-10-30 12:37:49,266 - __main__ - INFO - ============================================================
2025-10-30 12:37:49,266 - __main__ - INFO - 베이스라인 자동 복구 완료!
2025-10-30 12:37:49,266 - __main__ - INFO - 총 처리 시간: 3466.0초
2025-10-30 12:37:49,266 - __main__ - INFO - 총 파일: 100
2025-10-30 12:37:49,266 - __main__ - INFO - 성공: 94 (94.0%)
2025-10-30 12:37:49,266 - __main__ - INFO - 실패: 6
2025-10-30 12:37:49,266 - __main__ - INFO - 평균 처리 시간: 34.66초/파일
2025-10-30 12:37:49,266 - __main__ - INFO - 출력 파일 위치: data_repair_baseline
2025-10-30 12:37:49,266 - __main__ - INFO - ============================================================
